{"level":"info","message":"GET /patients"}
{"level":"info","message":"GET /patients"}
{"level":"info","message":"GET /patients"}
{"level":"info","message":"GET /patients"}
{"level":"info","message":"POST /patients/create"}
{"level":"info","message":"POST /patients/create"}
{"level":"info","message":"GET /patients"}
{"level":"info","message":"GET /doctors/availability"}
{"level":"info","message":"GET /doctors/availability"}
{"level":"info","message":"GET /patients/66d961ddab7561c46ae07a6f"}
{"level":"info","message":"PUT /patients/66d961ddab7561c46ae07a6f"}
{"level":"info","message":"GET /patients"}
{"level":"info","message":"PUT /patients/66d961ddab7561c46ae07a6f"}
{"level":"info","message":"GET /patients"}
{"level":"info","message":"GET /patients/66d961ddab7561c46ae07a6f"}
{"level":"info","message":"DELETE /patients/66d961ddab7561c46ae07a6f"}
{"level":"info","message":"DELETE /patients/66d961ddab7561c46ae07a6f"}
{"level":"info","message":"GET /patients"}
{"level":"info","message":"DELETE /patients/66d961ddab7561c46ae07a6f"}
{"level":"info","message":"DELETE /patients/66d961ddab7561c46ae07a6f"}
{"level":"info","message":"GET /patients"}
{"level":"info","message":"GET /doctors/availability"}
{"level":"info","message":"POST /consult/create"}
{"level":"info","message":"POST /consult/create"}
{"level":"info","message":"GET /patients"}
{"level":"info","message":"POST /consult/create"}
{"level":"info","message":"GET /consult"}
{"level":"info","message":"POST /consult/create"}
{"level":"info","message":"GET /consult"}
{"level":"info","message":"PUT /consult/66d966979d6478aff034c73d"}
{"level":"info","message":"GET /consult"}
{"level":"info","message":"DELETE /consult/66d966979d6478aff034c73d"}
{"level":"info","message":"GET /consult"}
{"level":"info","message":"GET /patients"}
